#
# There is insufficient memory for the Java Runtime Environment to continue.
# Native memory allocation (mmap) failed to map 169345024 bytes for committing reserved memory.
# Possible reasons:
#   The system is out of physical RAM or swap space
#   In 32 bit mode, the process size limit was hit
# Possible solutions:
#   Reduce memory load on the system
#   Increase physical memory or swap space
#   Check if swap backing store is full
#   Use 64 bit Java on a 64 bit OS
#   Decrease Java heap size (-Xmx/-Xms)
#   Decrease number of Java threads
#   Decrease Java thread stack sizes (-Xss)
#   Set larger code cache with -XX:ReservedCodeCacheSize=
# This output file may be truncated or incomplete.
#
#  Out of Memory Error (os_linux.cpp:2627), pid=27046, tid=0x00007f82ed957700
#
# JRE version:  (8.0_92-b14) (build )
# Java VM: Java HotSpot(TM) 64-Bit Server VM (25.92-b14 mixed mode linux-amd64 compressed oops)
# Failed to write core dump. Core dumps have been disabled. To enable core dumping, try "ulimit -c unlimited" before starting Java again
#

---------------  T H R E A D  ---------------

Current thread (0x00007f82e400a800):  JavaThread "Unknown thread" [_thread_in_vm, id=27053, stack(0x00007f82ed858000,0x00007f82ed958000)]

Stack: [0x00007f82ed858000,0x00007f82ed958000],  sp=0x00007f82ed956360,  free space=1016k
Native frames: (J=compiled Java code, j=interpreted, Vv=VM code, C=native code)
V  [libjvm.so+0xabd65a]  VMError::report_and_die()+0x2ba
V  [libjvm.so+0x4fb4db]  report_vm_out_of_memory(char const*, int, unsigned long, VMErrorType, char const*)+0x8b
V  [libjvm.so+0x91d713]  os::Linux::commit_memory_impl(char*, unsigned long, bool)+0x103
V  [libjvm.so+0x91dc69]  os::pd_commit_memory(char*, unsigned long, unsigned long, bool)+0x29
V  [libjvm.so+0x917f6a]  os::commit_memory(char*, unsigned long, unsigned long, bool)+0x2a
V  [libjvm.so+0x98c343]  PSVirtualSpace::expand_by(unsigned long)+0x53
V  [libjvm.so+0x97c457]  PSOldGen::initialize(ReservedSpace, unsigned long, char const*, int)+0xb7
V  [libjvm.so+0x2d850a]  AdjoiningGenerations::AdjoiningGenerations(ReservedSpace, GenerationSizer*, unsigned long)+0x39a
V  [libjvm.so+0x940ad6]  ParallelScavengeHeap::initialize()+0x1d6
V  [libjvm.so+0xa85f73]  Universe::initialize_heap()+0xf3
V  [libjvm.so+0xa861be]  universe_init()+0x3e
V  [libjvm.so+0x63b115]  init_globals()+0x65
V  [libjvm.so+0xa6a41e]  Threads::create_vm(JavaVMInitArgs*, bool*)+0x23e
V  [libjvm.so+0x6cf994]  JNI_CreateJavaVM+0x74
C  [libjli.so+0x745e]  JavaMain+0x9e
C  [libpthread.so.0+0x76db]  start_thread+0xdb


---------------  P R O C E S S  ---------------

Java Threads: ( => current thread )

Other Threads:

=>0x00007f82e400a800 (exited) JavaThread "Unknown thread" [_thread_in_vm, id=27053, stack(0x00007f82ed858000,0x00007f82ed958000)]

VM state:not at safepoint (not fully initialized)

VM Mutex/Monitor currently owned by a thread: None

GC Heap History (0 events):
No events

Deoptimization events (0 events):
No events

Internal exceptions (0 events):
No events

Events (0 events):
No events


Dynamic libraries:
00400000-00401000 r-xp 00000000 08:05 266763                             /usr/local/java/jdk1.8.0_92/bin/java
00600000-00601000 rw-p 00000000 08:05 266763                             /usr/local/java/jdk1.8.0_92/bin/java
01e7f000-01ea0000 rw-p 00000000 00:00 0                                  [heap]
6d8580000-76f700000 ---p 00000000 00:00 0 
76f700000-774780000 rw-p 00000000 00:00 0 
774780000-7c0000000 ---p 00000000 00:00 0 
7f82d5000000-7f82d5270000 rwxp 00000000 00:00 0 
7f82d5270000-7f82e4000000 ---p 00000000 00:00 0 
7f82e4000000-7f82e4035000 rw-p 00000000 00:00 0 
7f82e4035000-7f82e8000000 ---p 00000000 00:00 0 
7f82e9b32000-7f82e9db7000 rw-p 00000000 00:00 0 
7f82e9db7000-7f82ea2c0000 ---p 00000000 00:00 0 
7f82ea2c0000-7f82ea2e9000 rw-p 00000000 00:00 0 
7f82ea2e9000-7f82ea545000 ---p 00000000 00:00 0 
7f82ea545000-7f82ea550000 rw-p 00000000 00:00 0 
7f82ea550000-7f82ea906000 ---p 00000000 00:00 0 
7f82ea906000-7f82ea920000 r-xp 00000000 08:05 268510                     /usr/local/java/jdk1.8.0_92/jre/lib/amd64/libzip.so
7f82ea920000-7f82eab20000 ---p 0001a000 08:05 268510                     /usr/local/java/jdk1.8.0_92/jre/lib/amd64/libzip.so
7f82eab20000-7f82eab21000 rw-p 0001a000 08:05 268510                     /usr/local/java/jdk1.8.0_92/jre/lib/amd64/libzip.so
7f82eab21000-7f82eab2c000 r-xp 00000000 08:05 1323311                    /lib/x86_64-linux-gnu/libnss_files-2.27.so
7f82eab2c000-7f82ead2b000 ---p 0000b000 08:05 1323311                    /lib/x86_64-linux-gnu/libnss_files-2.27.so
7f82ead2b000-7f82ead2c000 r--p 0000a000 08:05 1323311                    /lib/x86_64-linux-gnu/libnss_files-2.27.so
7f82ead2c000-7f82ead2d000 rw-p 0000b000 08:05 1323311                    /lib/x86_64-linux-gnu/libnss_files-2.27.so
7f82ead2d000-7f82ead33000 rw-p 00000000 00:00 0 
7f82ead33000-7f82ead4a000 r-xp 00000000 08:05 1323308                    /lib/x86_64-linux-gnu/libnsl-2.27.so
7f82ead4a000-7f82eaf49000 ---p 00017000 08:05 1323308                    /lib/x86_64-linux-gnu/libnsl-2.27.so
7f82eaf49000-7f82eaf4a000 r--p 00016000 08:05 1323308                    /lib/x86_64-linux-gnu/libnsl-2.27.so
7f82eaf4a000-7f82eaf4b000 rw-p 00017000 08:05 1323308                    /lib/x86_64-linux-gnu/libnsl-2.27.so
7f82eaf4b000-7f82eaf4d000 rw-p 00000000 00:00 0 
7f82eaf4d000-7f82eaf58000 r-xp 00000000 08:05 1323313                    /lib/x86_64-linux-gnu/libnss_nis-2.27.so
7f82eaf58000-7f82eb157000 ---p 0000b000 08:05 1323313                    /lib/x86_64-linux-gnu/libnss_nis-2.27.so
7f82eb157000-7f82eb158000 r--p 0000a000 08:05 1323313                    /lib/x86_64-linux-gnu/libnss_nis-2.27.so
7f82eb158000-7f82eb159000 rw-p 0000b000 08:05 1323313                    /lib/x86_64-linux-gnu/libnss_nis-2.27.so
7f82eb159000-7f82eb161000 r-xp 00000000 08:05 1323309                    /lib/x86_64-linux-gnu/libnss_compat-2.27.so
7f82eb161000-7f82eb361000 ---p 00008000 08:05 1323309                    /lib/x86_64-linux-gnu/libnss_compat-2.27.so
7f82eb361000-7f82eb362000 r--p 00008000 08:05 1323309                    /lib/x86_64-linux-gnu/libnss_compat-2.27.so
7f82eb362000-7f82eb363000 rw-p 00009000 08:05 1323309                    /lib/x86_64-linux-gnu/libnss_compat-2.27.so
7f82eb363000-7f82eb38d000 r-xp 00000000 08:05 268505                     /usr/local/java/jdk1.8.0_92/jre/lib/amd64/libjava.so
7f82eb38d000-7f82eb58d000 ---p 0002a000 08:05 268505                     /usr/local/java/jdk1.8.0_92/jre/lib/amd64/libjava.so
7f82eb58d000-7f82eb58f000 rw-p 0002a000 08:05 268505                     /usr/local/java/jdk1.8.0_92/jre/lib/amd64/libjava.so
7f82eb58f000-7f82eb59c000 r-xp 00000000 08:05 268509                     /usr/local/java/jdk1.8.0_92/jre/lib/amd64/libverify.so
7f82eb59c000-7f82eb79c000 ---p 0000d000 08:05 268509                     /usr/local/java/jdk1.8.0_92/jre/lib/amd64/libverify.so
7f82eb79c000-7f82eb79e000 rw-p 0000d000 08:05 268509                     /usr/local/java/jdk1.8.0_92/jre/lib/amd64/libverify.so
7f82eb79e000-7f82eb7a5000 r-xp 00000000 08:05 1323323                    /lib/x86_64-linux-gnu/librt-2.27.so
7f82eb7a5000-7f82eb9a4000 ---p 00007000 08:05 1323323                    /lib/x86_64-linux-gnu/librt-2.27.so
7f82eb9a4000-7f82eb9a5000 r--p 00006000 08:05 1323323                    /lib/x86_64-linux-gnu/librt-2.27.so
7f82eb9a5000-7f82eb9a6000 rw-p 00007000 08:05 1323323                    /lib/x86_64-linux-gnu/librt-2.27.so
7f82eb9a6000-7f82ebb43000 r-xp 00000000 08:05 1323305                    /lib/x86_64-linux-gnu/libm-2.27.so
7f82ebb43000-7f82ebd42000 ---p 0019d000 08:05 1323305                    /lib/x86_64-linux-gnu/libm-2.27.so
7f82ebd42000-7f82ebd43000 r--p 0019c000 08:05 1323305                    /lib/x86_64-linux-gnu/libm-2.27.so
7f82ebd43000-7f82ebd44000 rw-p 0019d000 08:05 1323305                    /lib/x86_64-linux-gnu/libm-2.27.so
7f82ebd44000-7f82eca07000 r-xp 00000000 08:05 268488                     /usr/local/java/jdk1.8.0_92/jre/lib/amd64/server/libjvm.so
7f82eca07000-7f82ecc06000 ---p 00cc3000 08:05 268488                     /usr/local/java/jdk1.8.0_92/jre/lib/amd64/server/libjvm.so
7f82ecc06000-7f82eccdf000 rw-p 00cc2000 08:05 268488                     /usr/local/java/jdk1.8.0_92/jre/lib/amd64/server/libjvm.so
7f82eccdf000-7f82ecd2a000 rw-p 00000000 00:00 0 
7f82ecd2a000-7f82ecf11000 r-xp 00000000 08:05 1323301                    /lib/x86_64-linux-gnu/libc-2.27.so
7f82ecf11000-7f82ed111000 ---p 001e7000 08:05 1323301                    /lib/x86_64-linux-gnu/libc-2.27.so
7f82ed111000-7f82ed115000 r--p 001e7000 08:05 1323301                    /lib/x86_64-linux-gnu/libc-2.27.so
7f82ed115000-7f82ed117000 rw-p 001eb000 08:05 1323301                    /lib/x86_64-linux-gnu/libc-2.27.so
7f82ed117000-7f82ed11b000 rw-p 00000000 00:00 0 
7f82ed11b000-7f82ed11e000 r-xp 00000000 08:05 1323304                    /lib/x86_64-linux-gnu/libdl-2.27.so
7f82ed11e000-7f82ed31d000 ---p 00003000 08:05 1323304                    /lib/x86_64-linux-gnu/libdl-2.27.so
7f82ed31d000-7f82ed31e000 r--p 00002000 08:05 1323304                    /lib/x86_64-linux-gnu/libdl-2.27.so
7f82ed31e000-7f82ed31f000 rw-p 00003000 08:05 1323304                    /lib/x86_64-linux-gnu/libdl-2.27.so
7f82ed31f000-7f82ed334000 r-xp 00000000 08:05 268123                     /usr/local/java/jdk1.8.0_92/lib/amd64/jli/libjli.so
7f82ed334000-7f82ed534000 ---p 00015000 08:05 268123                     /usr/local/java/jdk1.8.0_92/lib/amd64/jli/libjli.so
7f82ed534000-7f82ed535000 rw-p 00015000 08:05 268123                     /usr/local/java/jdk1.8.0_92/lib/amd64/jli/libjli.so
7f82ed535000-7f82ed54f000 r-xp 00000000 08:05 1323321                    /lib/x86_64-linux-gnu/libpthread-2.27.so
7f82ed54f000-7f82ed74e000 ---p 0001a000 08:05 1323321                    /lib/x86_64-linux-gnu/libpthread-2.27.so
7f82ed74e000-7f82ed74f000 r--p 00019000 08:05 1323321                    /lib/x86_64-linux-gnu/libpthread-2.27.so
7f82ed74f000-7f82ed750000 rw-p 0001a000 08:05 1323321                    /lib/x86_64-linux-gnu/libpthread-2.27.so
7f82ed750000-7f82ed754000 rw-p 00000000 00:00 0 
7f82ed754000-7f82ed77b000 r-xp 00000000 08:05 1323297                    /lib/x86_64-linux-gnu/ld-2.27.so
7f82ed857000-7f82ed858000 ---p 00000000 00:00 0 
7f82ed858000-7f82ed85b000 ---p 00000000 00:00 0 
7f82ed85b000-7f82ed95c000 rw-p 00000000 00:00 0 
7f82ed971000-7f82ed979000 rw-s 00000000 08:05 1453858                    /tmp/hsperfdata_zwx/27046
7f82ed979000-7f82ed97a000 rw-p 00000000 00:00 0 
7f82ed97a000-7f82ed97b000 r--p 00000000 00:00 0 
7f82ed97b000-7f82ed97c000 r--p 00027000 08:05 1323297                    /lib/x86_64-linux-gnu/ld-2.27.so
7f82ed97c000-7f82ed97d000 rw-p 00028000 08:05 1323297                    /lib/x86_64-linux-gnu/ld-2.27.so
7f82ed97d000-7f82ed97e000 rw-p 00000000 00:00 0 
7ffc1f457000-7ffc1f478000 rw-p 00000000 00:00 0                          [stack]
7ffc1f5ce000-7ffc1f5d1000 r--p 00000000 00:00 0                          [vvar]
7ffc1f5d1000-7ffc1f5d3000 r-xp 00000000 00:00 0                          [vdso]
ffffffffff600000-ffffffffff601000 r-xp 00000000 00:00 0                  [vsyscall]

VM Arguments:
jvm_args: -Dorg.gradle.appname=gradlew 
java_command: org.gradle.wrapper.GradleWrapperMain installDebug
java_class_path (initial): /home/zwx/work/ettmail/android/gradle/wrapper/gradle-wrapper.jar
Launcher Type: SUN_STANDARD

Environment Variables:
JAVA_HOME=/usr/local/java/jdk1.8.0_92
CLASSPATH=/home/zwx/work/ettmail/android/gradle/wrapper/gradle-wrapper.jar
PATH=/home/zwx/bin:/home/zwx/Android/Sdk/tools:/home/zwx/Android/Sdk/platform-tools:/home/zwx/Android/Sdk/ndk-bundle:/usr/local/java/jdk1.8.0_92/bin:/opt/gradle-4.4/bin:/usr/share/groovy/bin:/usr/share/groovy/lib:/usr/local/sbin:/usr/local/bin:/usr/sbin:/usr/bin:/sbin:/bin:/usr/games:/usr/local/games:/snap/bin:/home/zwx/Android/Sdk/build-tools/25.0.2/:/home/zwx/android-studio-canary/bin:/home/zwx/shell/shell:/opt/WebStorm-181.5087.27/bin
USERNAME=zwx
SHELL=/bin/zsh
DISPLAY=:0

Signal Handlers:
SIGSEGV: [libjvm.so+0xabdee0], sa_mask[0]=11111111011111111101111111111110, sa_flags=SA_RESTART|SA_SIGINFO
SIGBUS: [libjvm.so+0xabdee0], sa_mask[0]=11111111011111111101111111111110, sa_flags=SA_RESTART|SA_SIGINFO
SIGFPE: [libjvm.so+0x91a580], sa_mask[0]=11111111011111111101111111111110, sa_flags=SA_RESTART|SA_SIGINFO
SIGPIPE: [libjvm.so+0x91a580], sa_mask[0]=11111111011111111101111111111110, sa_flags=SA_RESTART|SA_SIGINFO
SIGXFSZ: [libjvm.so+0x91a580], sa_mask[0]=11111111011111111101111111111110, sa_flags=SA_RESTART|SA_SIGINFO
SIGILL: [libjvm.so+0x91a580], sa_mask[0]=11111111011111111101111111111110, sa_flags=SA_RESTART|SA_SIGINFO
SIGUSR1: SIG_DFL, sa_mask[0]=00000000000000000000000000000000, sa_flags=none
SIGUSR2: [libjvm.so+0x91bbb0], sa_mask[0]=00000000000000000000000000000000, sa_flags=SA_RESTART|SA_SIGINFO
SIGHUP: SIG_DFL, sa_mask[0]=00000000000000000000000000000000, sa_flags=none
SIGINT: SIG_DFL, sa_mask[0]=00000000000000000000000000000000, sa_flags=none
SIGTERM: SIG_DFL, sa_mask[0]=00000000000000000000000000000000, sa_flags=none
SIGQUIT: SIG_DFL, sa_mask[0]=00000000000000000000000000000000, sa_flags=none


---------------  S Y S T E M  ---------------

OS:DISTRIB_ID=Ubuntu
DISTRIB_RELEASE=18.04
DISTRIB_CODENAME=bionic
DISTRIB_DESCRIPTION="Ubuntu 18.04 LTS"

uname:Linux 4.15.0-23-generic #25-Ubuntu SMP Wed May 23 18:02:16 UTC 2018 x86_64
libc:glibc 2.27 NPTL 2.27 
rlimit: STACK 8192k, CORE 0k, NPROC 60728, NOFILE 1048576, AS infinity
load average:1.87 1.32 1.27

/proc/meminfo:
MemTotal:       15835168 kB
MemFree:          153712 kB
MemAvailable:      68644 kB
Buffers:             584 kB
Cached:          1225680 kB
SwapCached:            0 kB
Active:         13967284 kB
Inactive:        1198084 kB
Active(anon):   13949096 kB
Inactive(anon):  1166180 kB
Active(file):      18188 kB
Inactive(file):    31904 kB
Unevictable:         128 kB
Mlocked:             128 kB
SwapTotal:             0 kB
SwapFree:              0 kB
Dirty:                96 kB
Writeback:             0 kB
AnonPages:      13940032 kB
Mapped:           392040 kB
Shmem:           1175372 kB
Slab:             221788 kB
SReclaimable:     118404 kB
SUnreclaim:       103384 kB
KernelStack:       26752 kB
PageTables:       144240 kB
NFS_Unstable:          0 kB
Bounce:                0 kB
WritebackTmp:          0 kB
CommitLimit:     7917584 kB
Committed_AS:   27796828 kB
VmallocTotal:   34359738367 kB
VmallocUsed:           0 kB
VmallocChunk:          0 kB
HardwareCorrupted:     0 kB
AnonHugePages:         0 kB
ShmemHugePages:        0 kB
ShmemPmdMapped:        0 kB
CmaTotal:              0 kB
CmaFree:               0 kB
HugePages_Total:       0
HugePages_Free:        0
HugePages_Rsvd:        0
HugePages_Surp:        0
Hugepagesize:       2048 kB
DirectMap4k:      340976 kB
DirectMap2M:    14790656 kB
DirectMap1G:     2097152 kB


CPU:total 4 (4 cores per cpu, 1 threads per core) family 6 model 94 stepping 3, cmov, cx8, fxsr, mmx, sse, sse2, sse3, ssse3, sse4.1, sse4.2, popcnt, avx, avx2, aes, clmul, erms, rtm, 3dnowpref, lzcnt, tsc, tscinvbit, bmi1, bmi2, adx

/proc/cpuinfo:
processor	: 0
vendor_id	: GenuineIntel
cpu family	: 6
model		: 94
model name	: Intel(R) Core(TM) i5-6500 CPU @ 3.20GHz
stepping	: 3
microcode	: 0xc2
cpu MHz		: 2714.691
cache size	: 6144 KB
physical id	: 0
siblings	: 4
core id		: 0
cpu cores	: 4
apicid		: 0
initial apicid	: 0
fpu		: yes
fpu_exception	: yes
cpuid level	: 22
wp		: yes
flags		: fpu vme de pse tsc msr pae mce cx8 apic sep mtrr pge mca cmov pat pse36 clflush dts acpi mmx fxsr sse sse2 ss ht tm pbe syscall nx pdpe1gb rdtscp lm constant_tsc art arch_perfmon pebs bts rep_good nopl xtopology nonstop_tsc cpuid aperfmperf tsc_known_freq pni pclmulqdq dtes64 monitor ds_cpl vmx smx est tm2 ssse3 sdbg fma cx16 xtpr pdcm pcid sse4_1 sse4_2 x2apic movbe popcnt tsc_deadline_timer aes xsave avx f16c rdrand lahf_lm abm 3dnowprefetch cpuid_fault epb invpcid_single pti ibrs ibpb stibp tpr_shadow vnmi flexpriority ept vpid fsgsbase tsc_adjust bmi1 hle avx2 smep bmi2 erms invpcid rtm mpx rdseed adx smap clflushopt intel_pt xsaveopt xsavec xgetbv1 xsaves dtherm ida arat pln pts hwp hwp_notify hwp_act_window hwp_epp
bugs		: cpu_meltdown spectre_v1 spectre_v2 spec_store_bypass
bogomips	: 6384.00
clflush size	: 64
cache_alignment	: 64
address sizes	: 39 bits physical, 48 bits virtual
power management:

processor	: 1
vendor_id	: GenuineIntel
cpu family	: 6
model		: 94
model name	: Intel(R) Core(TM) i5-6500 CPU @ 3.20GHz
stepping	: 3
microcode	: 0xc2
cpu MHz		: 2717.913
cache size	: 6144 KB
physical id	: 0
siblings	: 4
core id		: 1
cpu cores	: 4
apicid		: 2
initial apicid	: 2
fpu		: yes
fpu_exception	: yes
cpuid level	: 22
wp		: yes
flags		: fpu vme de pse tsc msr pae mce cx8 apic sep mtrr pge mca cmov pat pse36 clflush dts acpi mmx fxsr sse sse2 ss ht tm pbe syscall nx pdpe1gb rdtscp lm constant_tsc art arch_perfmon pebs bts rep_good nopl xtopology nonstop_tsc cpuid aperfmperf tsc_known_freq pni pclmulqdq dtes64 monitor ds_cpl vmx smx est tm2 ssse3 sdbg fma cx16 xtpr pdcm pcid sse4_1 sse4_2 x2apic movbe popcnt tsc_deadline_timer aes xsave avx f16c rdrand lahf_lm abm 3dnowprefetch cpuid_fault epb invpcid_single pti ibrs ibpb stibp tpr_shadow vnmi flexpriority ept vpid fsgsbase tsc_adjust bmi1 hle avx2 smep bmi2 erms invpcid rtm mpx rdseed adx smap clflushopt intel_pt xsaveopt xsavec xgetbv1 xsaves dtherm ida arat pln pts hwp hwp_notify hwp_act_window hwp_epp
bugs		: cpu_meltdown spectre_v1 spectre_v2 spec_store_bypass
bogomips	: 6384.00
clflush size	: 64
cache_alignment	: 64
address sizes	: 39 bits physical, 48 bits virtual
power management:

processor	: 2
vendor_id	: GenuineIntel
cpu family	: 6
model		: 94
model name	: Intel(R) Core(TM) i5-6500 CPU @ 3.20GHz
stepping	: 3
microcode	: 0xc2
cpu MHz		: 2712.509
cache size	: 6144 KB
physical id	: 0
siblings	: 4
core id		: 2
cpu cores	: 4
apicid		: 4
initial apicid	: 4
fpu		: yes
fpu_exception	: yes
cpuid level	: 22
wp		: yes
flags		: fpu vme de pse tsc msr pae mce cx8 apic sep mtrr pge mca cmov pat pse36 clflush dts acpi mmx fxsr sse sse2 ss ht tm pbe syscall nx pdpe1gb rdtscp lm constant_tsc art arch_perfmon pebs bts rep_good nopl xtopology nonstop_tsc cpuid aperfmperf tsc_known_freq pni pclmulqdq dtes64 monitor ds_cpl vmx smx est tm2 ssse3 sdbg fma cx16 xtpr pdcm pcid sse4_1 sse4_2 x2apic movbe popcnt tsc_deadline_timer aes xsave avx f16c rdrand lahf_lm abm 3dnowprefetch cpuid_fault epb invpcid_single pti ibrs ibpb stibp tpr_shadow vnmi flexpriority ept vpid fsgsbase tsc_adjust bmi1 hle avx2 smep bmi2 erms invpcid rtm mpx rdseed adx smap clflushopt intel_pt xsaveopt xsavec xgetbv1 xsaves dtherm ida arat pln pts hwp hwp_notify hwp_act_window hwp_epp
bugs		: cpu_meltdown spectre_v1 spectre_v2 spec_store_bypass
bogomips	: 6384.00
clflush size	: 64
cache_alignment	: 64
address sizes	: 39 bits physical, 48 bits virtual
power management:

processor	: 3
vendor_id	: GenuineIntel
cpu family	: 6
model		: 94
model name	: Intel(R) Core(TM) i5-6500 CPU @ 3.20GHz
stepping	: 3
microcode	: 0xc2
cpu MHz		: 2721.582
cache size	: 6144 KB
physical id	: 0
siblings	: 4
core id		: 3
cpu cores	: 4
apicid		: 6
initial apicid	: 6
fpu		: yes
fpu_exception	: yes
cpuid level	: 22
wp		: yes
flags		: fpu vme de pse tsc msr pae mce cx8 apic sep mtrr pge mca cmov pat pse36 clflush dts acpi mmx fxsr sse sse2 ss ht tm pbe syscall nx pdpe1gb rdtscp lm constant_tsc art arch_perfmon pebs bts rep_good nopl xtopology nonstop_tsc cpuid aperfmperf tsc_known_freq pni pclmulqdq dtes64 monitor ds_cpl vmx smx est tm2 ssse3 sdbg fma cx16 xtpr pdcm pcid sse4_1 sse4_2 x2apic movbe popcnt tsc_deadline_timer aes xsave avx f16c rdrand lahf_lm abm 3dnowprefetch cpuid_fault epb invpcid_single pti ibrs ibpb stibp tpr_shadow vnmi flexpriority ept vpid fsgsbase tsc_adjust bmi1 hle avx2 smep bmi2 erms invpcid rtm mpx rdseed adx smap clflushopt intel_pt xsaveopt xsavec xgetbv1 xsaves dtherm ida arat pln pts hwp hwp_notify hwp_act_window hwp_epp
bugs		: cpu_meltdown spectre_v1 spectre_v2 spec_store_bypass
bogomips	: 6384.00
clflush size	: 64
cache_alignment	: 64
address sizes	: 39 bits physical, 48 bits virtual
power management:



Memory: 4k page, physical 15835168k(158004k free), swap 0k(0k free)

vm_info: Java HotSpot(TM) 64-Bit Server VM (25.92-b14) for linux-amd64 JRE (1.8.0_92-b14), built on Mar 31 2016 21:08:29 by "java_re" with gcc 4.3.0 20080428 (Red Hat 4.3.0-8)

time: Wed Jun 27 15:22:56 2018
elapsed time: 0 seconds (0d 0h 0m 0s)

